2024-06-17T23:39:20.663+08:00  INFO 3028 --- [microAppStore] [main] c.p.m.MicroAppStoreApplicationTests      : Starting MicroAppStoreApplicationTests using Java 21.0.2 with PID 3028 (started by photoqiu in E:\RD_Project\microAppStore)
2024-06-17T23:39:20.664+08:00  INFO 3028 --- [microAppStore] [main] c.p.m.MicroAppStoreApplicationTests      : No active profile set, falling back to 1 default profile: "default"
2024-06-17T23:39:21.742+08:00  INFO 3028 --- [microAppStore] [main] .s.d.r.c.RepositoryConfigurationDelegate : Multiple Spring Data modules found, entering strict repository configuration mode
2024-06-17T23:39:21.743+08:00  INFO 3028 --- [microAppStore] [main] .s.d.r.c.RepositoryConfigurationDelegate : Bootstrapping Spring Data Elasticsearch repositories in DEFAULT mode.
2024-06-17T23:39:21.752+08:00  INFO 3028 --- [microAppStore] [main] .s.d.r.c.RepositoryConfigurationDelegate : Finished Spring Data repository scanning in 4 ms. Found 0 Elasticsearch repository interfaces.
2024-06-17T23:39:21.755+08:00  INFO 3028 --- [microAppStore] [main] .s.d.r.c.RepositoryConfigurationDelegate : Multiple Spring Data modules found, entering strict repository configuration mode
2024-06-17T23:39:21.756+08:00  INFO 3028 --- [microAppStore] [main] .s.d.r.c.RepositoryConfigurationDelegate : Bootstrapping Spring Data Reactive Elasticsearch repositories in DEFAULT mode.
2024-06-17T23:39:21.757+08:00  INFO 3028 --- [microAppStore] [main] .s.d.r.c.RepositoryConfigurationDelegate : Finished Spring Data repository scanning in 1 ms. Found 0 Reactive Elasticsearch repository interfaces.
2024-06-17T23:39:21.791+08:00  INFO 3028 --- [microAppStore] [main] .s.d.r.c.RepositoryConfigurationDelegate : Multiple Spring Data modules found, entering strict repository configuration mode
2024-06-17T23:39:21.791+08:00  INFO 3028 --- [microAppStore] [main] .s.d.r.c.RepositoryConfigurationDelegate : Bootstrapping Spring Data MongoDB repositories in DEFAULT mode.
2024-06-17T23:39:21.793+08:00  INFO 3028 --- [microAppStore] [main] .s.d.r.c.RepositoryConfigurationDelegate : Finished Spring Data repository scanning in 1 ms. Found 0 MongoDB repository interfaces.
2024-06-17T23:39:21.799+08:00  INFO 3028 --- [microAppStore] [main] .s.d.r.c.RepositoryConfigurationDelegate : Multiple Spring Data modules found, entering strict repository configuration mode
2024-06-17T23:39:21.800+08:00  INFO 3028 --- [microAppStore] [main] .s.d.r.c.RepositoryConfigurationDelegate : Bootstrapping Spring Data Redis repositories in DEFAULT mode.
2024-06-17T23:39:21.805+08:00  INFO 3028 --- [microAppStore] [main] .s.d.r.c.RepositoryConfigurationDelegate : Finished Spring Data repository scanning in 1 ms. Found 0 Redis repository interfaces.
2024-06-17T23:39:22.011+08:00  INFO 3028 --- [microAppStore] [main] o.s.cloud.context.scope.GenericScope     : BeanFactory id=205bb87f-013c-3a48-b29f-a8062526237a
2024-06-17T23:39:24.378+08:00  INFO 3028 --- [microAppStore] [main] org.mongodb.driver.client                : MongoClient with metadata {"driver": {"name": "mongo-java-driver|sync|spring-boot", "version": "5.0.1"}, "os": {"type": "Windows", "name": "Windows 11", "architecture": "amd64", "version": "10.0"}, "platform": "Java/Oracle Corporation/21.0.2+13-58"} created with settings MongoClientSettings{readPreference=primary, writeConcern=WriteConcern{w=null, wTimeout=null ms, journal=null}, retryWrites=true, retryReads=true, readConcern=ReadConcern{level=null}, credential=null, transportSettings=null, commandListeners=[], codecRegistry=ProvidersCodecRegistry{codecProviders=[ValueCodecProvider{}, BsonValueCodecProvider{}, DBRefCodecProvider{}, DBObjectCodecProvider{}, DocumentCodecProvider{}, CollectionCodecProvider{}, IterableCodecProvider{}, MapCodecProvider{}, GeoJsonCodecProvider{}, GridFSFileCodecProvider{}, Jsr310CodecProvider{}, JsonObjectCodecProvider{}, BsonCodecProvider{}, EnumCodecProvider{}, com.mongodb.client.model.mql.ExpressionCodecProvider@426a4301, com.mongodb.Jep395RecordCodecProvider@193f3306, com.mongodb.KotlinCodecProvider@537a8915]}, loggerSettings=LoggerSettings{maxDocumentLength=1000}, clusterSettings={hosts=[localhost:27017], srvServiceName=mongodb, mode=SINGLE, requiredClusterType=UNKNOWN, requiredReplicaSetName='null', serverSelector='null', clusterListeners='[]', serverSelectionTimeout='30000 ms', localThreshold='15 ms'}, socketSettings=SocketSettings{connectTimeoutMS=10000, readTimeoutMS=0, receiveBufferSize=0, proxySettings=ProxySettings{host=null, port=null, username=null, password=null}}, heartbeatSocketSettings=SocketSettings{connectTimeoutMS=10000, readTimeoutMS=10000, receiveBufferSize=0, proxySettings=ProxySettings{host=null, port=null, username=null, password=null}}, connectionPoolSettings=ConnectionPoolSettings{maxSize=100, minSize=0, maxWaitTimeMS=120000, maxConnectionLifeTimeMS=0, maxConnectionIdleTimeMS=0, maintenanceInitialDelayMS=0, maintenanceFrequencyMS=60000, connectionPoolListeners=[], maxConnecting=2}, serverSettings=ServerSettings{heartbeatFrequencyMS=10000, minHeartbeatFrequencyMS=500, serverListeners='[]', serverMonitorListeners='[]'}, sslSettings=SslSettings{enabled=false, invalidHostNameAllowed=false, context=null}, applicationName='null', compressorList=[], uuidRepresentation=JAVA_LEGACY, serverApi=null, autoEncryptionSettings=null, dnsClient=null, inetAddressResolver=null, contextProvider=null}
2024-06-17T23:39:24.362+08:00  INFO 3028 --- [microAppStore] [cluster-ClusterId{value='667058ac1049e3446733b7db', description='null'}-localhost:27017] org.mongodb.driver.cluster               : Exception in monitor thread while connecting to server localhost:27017

com.mongodb.MongoSocketOpenException: Exception opening socket
	at com.mongodb.internal.connection.SocketStream.lambda$open$0(SocketStream.java:86)
	at java.base/java.util.Optional.orElseThrow(Optional.java:403)
	at com.mongodb.internal.connection.SocketStream.open(SocketStream.java:86)
	at com.mongodb.internal.connection.InternalStreamConnection.open(InternalStreamConnection.java:201)
	at com.mongodb.internal.connection.DefaultServerMonitor$ServerMonitorRunnable.lookupServerDescription(DefaultServerMonitor.java:193)
	at com.mongodb.internal.connection.DefaultServerMonitor$ServerMonitorRunnable.run(DefaultServerMonitor.java:153)
	at java.base/java.lang.Thread.run(Thread.java:1583)
Caused by: java.net.ConnectException: Connection refused: getsockopt
	at java.base/sun.nio.ch.Net.pollConnect(Native Method)
	at java.base/sun.nio.ch.Net.pollConnectNow(Net.java:682)
	at java.base/sun.nio.ch.NioSocketImpl.timedFinishConnect(NioSocketImpl.java:542)
	at java.base/sun.nio.ch.NioSocketImpl.connect(NioSocketImpl.java:592)
	at java.base/java.net.SocksSocketImpl.connect(SocksSocketImpl.java:327)
	at java.base/java.net.Socket.connect(Socket.java:751)
	at com.mongodb.internal.connection.SocketStreamHelper.initialize(SocketStreamHelper.java:76)
	at com.mongodb.internal.connection.SocketStream.initializeSocket(SocketStream.java:105)
	at com.mongodb.internal.connection.SocketStream.open(SocketStream.java:80)
	... 4 common frames omitted

2024-06-17T23:39:24.798+08:00  INFO 3028 --- [microAppStore] [main] o.s.s.web.DefaultSecurityFilterChain     : Will secure any request with [org.springframework.security.web.session.DisableEncodeUrlFilter@42d96745, org.springframework.security.web.context.request.async.WebAsyncManagerIntegrationFilter@4d1f168, org.springframework.security.web.context.SecurityContextHolderFilter@4f1aa2bc, org.springframework.security.web.header.HeaderWriterFilter@294ebdae, org.springframework.web.filter.CorsFilter@9e4388d, org.springframework.security.web.csrf.CsrfFilter@332610ad, org.springframework.security.web.authentication.logout.LogoutFilter@2480acc3, org.springframework.security.web.authentication.UsernamePasswordAuthenticationFilter@1d722bff, org.springframework.security.web.authentication.ui.DefaultLoginPageGeneratingFilter@6b7e4db6, org.springframework.security.web.authentication.ui.DefaultLogoutPageGeneratingFilter@28532753, org.springframework.security.web.authentication.www.BasicAuthenticationFilter@3dcf6026, org.springframework.security.web.savedrequest.RequestCacheAwareFilter@5d03df76, org.springframework.security.web.servletapi.SecurityContextHolderAwareRequestFilter@d62feaf, org.springframework.security.web.authentication.AnonymousAuthenticationFilter@21399e53, org.springframework.security.web.access.ExceptionTranslationFilter@3ecc9baa, org.springframework.security.web.access.intercept.AuthorizationFilter@690c3b1f]
2024-06-17T23:39:25.110+08:00  INFO 3028 --- [microAppStore] [main] c.p.m.MicroAppStoreApplicationTests      : Started MicroAppStoreApplicationTests in 4.968 seconds (process running for 5.719)
2024-06-17T23:39:58.785+08:00  INFO 7256 --- [microAppStore] [main] c.p.m.MicroAppStoreApplicationTests      : Starting MicroAppStoreApplicationTests using Java 21.0.2 with PID 7256 (started by photoqiu in E:\RD_Project\microAppStore)
2024-06-17T23:39:58.786+08:00  INFO 7256 --- [microAppStore] [main] c.p.m.MicroAppStoreApplicationTests      : No active profile set, falling back to 1 default profile: "default"
2024-06-17T23:39:59.380+08:00  INFO 7256 --- [microAppStore] [main] .s.d.r.c.RepositoryConfigurationDelegate : Multiple Spring Data modules found, entering strict repository configuration mode
2024-06-17T23:39:59.381+08:00  INFO 7256 --- [microAppStore] [main] .s.d.r.c.RepositoryConfigurationDelegate : Bootstrapping Spring Data Elasticsearch repositories in DEFAULT mode.
2024-06-17T23:39:59.389+08:00  INFO 7256 --- [microAppStore] [main] .s.d.r.c.RepositoryConfigurationDelegate : Finished Spring Data repository scanning in 4 ms. Found 0 Elasticsearch repository interfaces.
2024-06-17T23:39:59.392+08:00  INFO 7256 --- [microAppStore] [main] .s.d.r.c.RepositoryConfigurationDelegate : Multiple Spring Data modules found, entering strict repository configuration mode
2024-06-17T23:39:59.392+08:00  INFO 7256 --- [microAppStore] [main] .s.d.r.c.RepositoryConfigurationDelegate : Bootstrapping Spring Data Reactive Elasticsearch repositories in DEFAULT mode.
2024-06-17T23:39:59.394+08:00  INFO 7256 --- [microAppStore] [main] .s.d.r.c.RepositoryConfigurationDelegate : Finished Spring Data repository scanning in 1 ms. Found 0 Reactive Elasticsearch repository interfaces.
2024-06-17T23:39:59.404+08:00  INFO 7256 --- [microAppStore] [main] .s.d.r.c.RepositoryConfigurationDelegate : Multiple Spring Data modules found, entering strict repository configuration mode
2024-06-17T23:39:59.404+08:00  INFO 7256 --- [microAppStore] [main] .s.d.r.c.RepositoryConfigurationDelegate : Bootstrapping Spring Data MongoDB repositories in DEFAULT mode.
2024-06-17T23:39:59.405+08:00  INFO 7256 --- [microAppStore] [main] .s.d.r.c.RepositoryConfigurationDelegate : Finished Spring Data repository scanning in 1 ms. Found 0 MongoDB repository interfaces.
2024-06-17T23:39:59.411+08:00  INFO 7256 --- [microAppStore] [main] .s.d.r.c.RepositoryConfigurationDelegate : Multiple Spring Data modules found, entering strict repository configuration mode
2024-06-17T23:39:59.412+08:00  INFO 7256 --- [microAppStore] [main] .s.d.r.c.RepositoryConfigurationDelegate : Bootstrapping Spring Data Redis repositories in DEFAULT mode.
2024-06-17T23:39:59.417+08:00  INFO 7256 --- [microAppStore] [main] .s.d.r.c.RepositoryConfigurationDelegate : Finished Spring Data repository scanning in 0 ms. Found 0 Redis repository interfaces.
2024-06-17T23:39:59.633+08:00  INFO 7256 --- [microAppStore] [main] o.s.cloud.context.scope.GenericScope     : BeanFactory id=205bb87f-013c-3a48-b29f-a8062526237a
2024-06-17T23:40:01.671+08:00  INFO 7256 --- [microAppStore] [cluster-ClusterId{value='667058d173a52157293cac07', description='null'}-localhost:27017] org.mongodb.driver.cluster               : Exception in monitor thread while connecting to server localhost:27017

com.mongodb.MongoSocketOpenException: Exception opening socket
	at com.mongodb.internal.connection.SocketStream.lambda$open$0(SocketStream.java:86)
	at java.base/java.util.Optional.orElseThrow(Optional.java:403)
	at com.mongodb.internal.connection.SocketStream.open(SocketStream.java:86)
	at com.mongodb.internal.connection.InternalStreamConnection.open(InternalStreamConnection.java:201)
	at com.mongodb.internal.connection.DefaultServerMonitor$ServerMonitorRunnable.lookupServerDescription(DefaultServerMonitor.java:193)
	at com.mongodb.internal.connection.DefaultServerMonitor$ServerMonitorRunnable.run(DefaultServerMonitor.java:153)
	at java.base/java.lang.Thread.run(Thread.java:1583)
Caused by: java.net.ConnectException: Connection refused: getsockopt
	at java.base/sun.nio.ch.Net.pollConnect(Native Method)
	at java.base/sun.nio.ch.Net.pollConnectNow(Net.java:682)
	at java.base/sun.nio.ch.NioSocketImpl.timedFinishConnect(NioSocketImpl.java:542)
	at java.base/sun.nio.ch.NioSocketImpl.connect(NioSocketImpl.java:592)
	at java.base/java.net.SocksSocketImpl.connect(SocksSocketImpl.java:327)
	at java.base/java.net.Socket.connect(Socket.java:751)
	at com.mongodb.internal.connection.SocketStreamHelper.initialize(SocketStreamHelper.java:76)
	at com.mongodb.internal.connection.SocketStream.initializeSocket(SocketStream.java:105)
	at com.mongodb.internal.connection.SocketStream.open(SocketStream.java:80)
	... 4 common frames omitted

2024-06-17T23:40:01.673+08:00  INFO 7256 --- [microAppStore] [main] org.mongodb.driver.client                : MongoClient with metadata {"driver": {"name": "mongo-java-driver|sync|spring-boot", "version": "5.0.1"}, "os": {"type": "Windows", "name": "Windows 11", "architecture": "amd64", "version": "10.0"}, "platform": "Java/Oracle Corporation/21.0.2+13-58"} created with settings MongoClientSettings{readPreference=primary, writeConcern=WriteConcern{w=null, wTimeout=null ms, journal=null}, retryWrites=true, retryReads=true, readConcern=ReadConcern{level=null}, credential=null, transportSettings=null, commandListeners=[], codecRegistry=ProvidersCodecRegistry{codecProviders=[ValueCodecProvider{}, BsonValueCodecProvider{}, DBRefCodecProvider{}, DBObjectCodecProvider{}, DocumentCodecProvider{}, CollectionCodecProvider{}, IterableCodecProvider{}, MapCodecProvider{}, GeoJsonCodecProvider{}, GridFSFileCodecProvider{}, Jsr310CodecProvider{}, JsonObjectCodecProvider{}, BsonCodecProvider{}, EnumCodecProvider{}, com.mongodb.client.model.mql.ExpressionCodecProvider@705eb026, com.mongodb.Jep395RecordCodecProvider@8de4206, com.mongodb.KotlinCodecProvider@10f384a2]}, loggerSettings=LoggerSettings{maxDocumentLength=1000}, clusterSettings={hosts=[localhost:27017], srvServiceName=mongodb, mode=SINGLE, requiredClusterType=UNKNOWN, requiredReplicaSetName='null', serverSelector='null', clusterListeners='[]', serverSelectionTimeout='30000 ms', localThreshold='15 ms'}, socketSettings=SocketSettings{connectTimeoutMS=10000, readTimeoutMS=0, receiveBufferSize=0, proxySettings=ProxySettings{host=null, port=null, username=null, password=null}}, heartbeatSocketSettings=SocketSettings{connectTimeoutMS=10000, readTimeoutMS=10000, receiveBufferSize=0, proxySettings=ProxySettings{host=null, port=null, username=null, password=null}}, connectionPoolSettings=ConnectionPoolSettings{maxSize=100, minSize=0, maxWaitTimeMS=120000, maxConnectionLifeTimeMS=0, maxConnectionIdleTimeMS=0, maintenanceInitialDelayMS=0, maintenanceFrequencyMS=60000, connectionPoolListeners=[], maxConnecting=2}, serverSettings=ServerSettings{heartbeatFrequencyMS=10000, minHeartbeatFrequencyMS=500, serverListeners='[]', serverMonitorListeners='[]'}, sslSettings=SslSettings{enabled=false, invalidHostNameAllowed=false, context=null}, applicationName='null', compressorList=[], uuidRepresentation=JAVA_LEGACY, serverApi=null, autoEncryptionSettings=null, dnsClient=null, inetAddressResolver=null, contextProvider=null}
2024-06-17T23:40:02.175+08:00  INFO 7256 --- [microAppStore] [main] o.s.s.web.DefaultSecurityFilterChain     : Will secure any request with [org.springframework.security.web.session.DisableEncodeUrlFilter@12a7515b, org.springframework.security.web.context.request.async.WebAsyncManagerIntegrationFilter@2c28654e, org.springframework.security.web.context.SecurityContextHolderFilter@63ff861e, org.springframework.security.web.header.HeaderWriterFilter@31428f76, org.springframework.web.filter.CorsFilter@2ded31cc, org.springframework.security.web.csrf.CsrfFilter@9e092b5, org.springframework.security.web.authentication.logout.LogoutFilter@4c51fc9a, org.springframework.security.web.authentication.UsernamePasswordAuthenticationFilter@38dc1c50, org.springframework.security.web.authentication.ui.DefaultLoginPageGeneratingFilter@1a865ebf, org.springframework.security.web.authentication.ui.DefaultLogoutPageGeneratingFilter@47b71556, org.springframework.security.web.authentication.www.BasicAuthenticationFilter@678b3746, org.springframework.security.web.savedrequest.RequestCacheAwareFilter@3c7f8c25, org.springframework.security.web.servletapi.SecurityContextHolderAwareRequestFilter@5e405eaf, org.springframework.security.web.authentication.AnonymousAuthenticationFilter@6fb2b972, org.springframework.security.web.access.ExceptionTranslationFilter@21a462ce, org.springframework.security.web.access.intercept.AuthorizationFilter@452d6fd]
2024-06-17T23:40:02.537+08:00  INFO 7256 --- [microAppStore] [main] c.p.m.MicroAppStoreApplicationTests      : Started MicroAppStoreApplicationTests in 4.049 seconds (process running for 4.774)
